<?xml version="1.0" encoding="UTF-8"?>
<!-- Generated by org.testng.reporters.JUnitXMLReporter -->
<testsuite ignored="0" hostname="DESKTOP-4DAR8N1" failures="0" tests="7" name="Command line test" time="0.087" errors="0" timestamp="2021-05-13T17:10:15 IST">
  <testcase classname="LIDL.MavenProject.EKScreationTest" name="EKS1" time="0.009"/>
  <testcase classname="LIDL.MavenProject.EKScreationTest" name="EKS2" time="0.0"/>
  <testcase classname="LIDL.MavenProject.GlobalSearchTest" name="Search" time="0.0"/>
  <testcase classname="LIDL.MavenProject.ManualCreationTest" name="Manual1" time="0.0"/>
  <testcase classname="LIDL.MavenProject.ManualCreationTest" name="Manual2" time="0.0"/>
  <testcase classname="LIDL.MavenProject.NotificationCreationTest" name="Notification1" time="0.001"/>
  <testcase classname="LIDL.MavenProject.NotificationCreationTest" name="Notification2" time="0.0"/>
</testsuite> <!-- Command line test -->
