<?xml version="1.0" encoding="UTF-8"?>
<!-- Generated by org.testng.reporters.JUnitXMLReporter -->
<testsuite ignored="0" hostname="DESKTOP-4DAR8N1" failures="0" tests="6" name="Test" time="0.084" errors="0" timestamp="2021-05-13T17:09:27 IST">
  <testcase classname="LIDL.MavenProject.ManualCreationTest" name="Manual1" time="0.005"/>
  <testcase classname="LIDL.MavenProject.ManualCreationTest" name="Manual2" time="0.0"/>
  <testcase classname="LIDL.MavenProject.EKScreationTest" name="EKS1" time="0.0"/>
  <testcase classname="LIDL.MavenProject.EKScreationTest" name="EKS2" time="0.0"/>
  <testcase classname="LIDL.MavenProject.NotificationCreationTest" name="Notification1" time="0.0"/>
  <testcase classname="LIDL.MavenProject.NotificationCreationTest" name="Notification2" time="0.0"/>
</testsuite> <!-- Test -->
