<?xml version="1.0" encoding="UTF-8"?>
<testsuite xmlns:xsi="http://www.w3.org/2001/XMLSchema-instance" xsi:noNamespaceSchemaLocation="https://maven.apache.org/surefire/maven-surefire-plugin/xsd/surefire-test-report.xsd" name="LIDL.MavenProject.EKScreationTest" time="0.856" tests="2" errors="0" skipped="0" failures="0">
  <properties>
[...]
</properties>
  <testcase name="EKS1" classname="LIDL.MavenProject.EKScreationTest" time="0.007"/>
  <testcase name="EKS2" classname="LIDL.MavenProject.EKScreationTest" time="0.001"/>
</testsuite>